2022-12-10 12:49:04,468 log_of_students INFO     Student has been successfuly added to student_list
2022-12-10 12:49:04,468 log_of_students INFO     Student has been successfuly added to student_list
2022-12-10 12:49:04,468 log_of_students INFO     Student has been successfuly added to student_list
2022-12-10 12:49:04,468 log_of_students INFO     Student has been successfuly added to student_list
2022-12-10 12:49:04,468 log_of_students INFO     Student has been successfuly added to student_list
2022-12-10 12:49:04,468 log_of_students INFO     Student has been successfuly added to student_list
2022-12-10 12:49:04,468 log_of_students INFO     Student has been successfuly added to student_list
2022-12-10 12:49:04,468 log_of_students INFO     Student has been successfuly added to student_list
2022-12-10 12:49:04,469 log_of_students INFO     Student has been successfuly added to student_list
2022-12-10 12:49:04,469 log_of_students INFO     Student has been successfuly added to student_list
2022-12-10 12:49:43,191 log_of_students INFO     Student has been successfully added to student_list
2022-12-10 12:49:43,191 log_of_students INFO     Student has been successfully added to student_list
2022-12-10 12:49:43,191 log_of_students INFO     Student has been successfully added to student_list
2022-12-10 12:49:43,191 log_of_students INFO     Student has been successfully added to student_list
2022-12-10 12:49:43,191 log_of_students INFO     Student has been successfully added to student_list
2022-12-10 12:49:43,192 log_of_students INFO     Student has been successfully added to student_list
2022-12-10 12:49:43,192 log_of_students INFO     Student has been successfully added to student_list
2022-12-10 12:49:43,192 log_of_students INFO     Student has been successfully added to student_list
2022-12-10 12:49:43,192 log_of_students INFO     Student has been successfully added to student_list
2022-12-10 12:49:43,192 log_of_students INFO     Student has been successfully added to student_list
2022-12-10 12:51:05,670 log_of_students INFO     Student has been successfully added to student_list
2022-12-10 12:51:05,670 log_of_students INFO     Student has been successfully added to student_list
2022-12-10 12:51:05,670 log_of_students INFO     Student has been successfully added to student_list
2022-12-10 12:51:05,670 log_of_students INFO     Student has been successfully added to student_list
2022-12-10 12:51:05,670 log_of_students INFO     Student has been successfully added to student_list
2022-12-10 12:51:05,670 log_of_students INFO     Student has been successfully added to student_list
2022-12-10 12:51:05,671 log_of_students INFO     Student has been successfully added to student_list
2022-12-10 12:51:05,671 log_of_students INFO     Student has been successfully added to student_list
2022-12-10 12:51:05,671 log_of_students INFO     Student has been successfully added to student_list
2022-12-10 12:51:05,671 log_of_students INFO     Student has been successfully added to student_list
2022-12-10 12:51:05,671 log_of_students INFO     Searching for Artem Reva
2022-12-10 12:51:05,671 log_of_students INFO     Searching for Artem Reva
2022-12-10 12:53:28,420 log_of_students INFO     Student has been successfully added to student_list
2022-12-10 12:53:28,420 log_of_students INFO     Student has been successfully added to student_list
2022-12-10 12:53:28,420 log_of_students INFO     Student has been successfully added to student_list
2022-12-10 12:53:28,420 log_of_students INFO     Student has been successfully added to student_list
2022-12-10 12:53:28,420 log_of_students INFO     Student has been successfully added to student_list
2022-12-10 12:53:28,420 log_of_students INFO     Student has been successfully added to student_list
2022-12-10 12:53:28,420 log_of_students INFO     Student has been successfully added to student_list
2022-12-10 12:53:28,421 log_of_students INFO     Student has been successfully added to student_list
2022-12-10 12:53:28,421 log_of_students INFO     Student has been successfully added to student_list
2022-12-10 12:53:28,421 log_of_students INFO     Student has been successfully added to student_list
2022-12-10 12:53:28,421 log_of_students INFO     Searching for Artem Reva
2022-12-10 12:53:28,421 log_of_students INFO     Searching for Artem Reva
2022-12-12 10:01:03,371 log_of_students INFO     Student has been successfully added to student_list
2022-12-12 10:01:03,387 log_of_students INFO     Student has been successfully added to student_list
2022-12-12 10:01:03,387 log_of_students INFO     Student has been successfully added to student_list
2022-12-12 10:01:03,387 log_of_students INFO     Student has been successfully added to student_list
2022-12-12 10:01:03,387 log_of_students INFO     Student has been successfully added to student_list
2022-12-12 10:01:03,402 log_of_students INFO     Student has been successfully added to student_list
2022-12-12 10:01:03,402 log_of_students INFO     Student has been successfully added to student_list
2022-12-12 10:01:03,402 log_of_students INFO     Student has been successfully added to student_list
2022-12-12 10:01:03,402 log_of_students INFO     Student has been successfully added to student_list
2022-12-12 10:01:03,402 log_of_students INFO     Student has been successfully added to student_list
2022-12-12 10:01:03,402 log_of_students INFO     Searching for Artem Reva
2022-12-12 10:01:03,402 log_of_students INFO     Searching for Artem Reva
2022-12-12 10:01:16,571 log_of_students INFO     Student has been successfully added to student_list
2022-12-12 10:01:16,571 log_of_students INFO     Student has been successfully added to student_list
2022-12-12 10:01:16,571 log_of_students INFO     Student has been successfully added to student_list
2022-12-12 10:01:16,571 log_of_students INFO     Student has been successfully added to student_list
2022-12-12 10:01:16,587 log_of_students INFO     Student has been successfully added to student_list
2022-12-12 10:01:16,587 log_of_students INFO     Student has been successfully added to student_list
2022-12-12 10:01:16,587 log_of_students INFO     Student has been successfully added to student_list
2022-12-12 10:01:16,587 log_of_students INFO     Student has been successfully added to student_list
2022-12-12 10:01:16,587 log_of_students INFO     Student has been successfully added to student_list
2022-12-12 10:01:16,587 log_of_students INFO     Student has been successfully added to student_list
2022-12-12 10:01:16,587 log_of_students INFO     Searching for Artem Reva
2022-12-12 10:01:16,587 log_of_students INFO     Searching for Artem Reva
2022-12-12 10:01:54,577 log_of_students INFO     Student has been successfully added to student_list
2022-12-12 10:01:54,577 log_of_students INFO     Student has been successfully added to student_list
2022-12-12 10:01:54,577 log_of_students INFO     Student has been successfully added to student_list
2022-12-12 10:01:54,577 log_of_students INFO     Student has been successfully added to student_list
2022-12-12 10:01:54,577 log_of_students INFO     Student has been successfully added to student_list
2022-12-12 10:01:54,577 log_of_students INFO     Student has been successfully added to student_list
2022-12-12 10:01:54,577 log_of_students INFO     Student has been successfully added to student_list
2022-12-12 10:01:54,577 log_of_students INFO     Student has been successfully added to student_list
2022-12-12 10:01:54,577 log_of_students INFO     Student has been successfully added to student_list
2022-12-12 10:01:54,577 log_of_students INFO     Student has been successfully added to student_list
2022-12-12 10:02:08,390 log_of_students INFO     Student has been successfully added to student_list
2022-12-12 10:02:08,391 log_of_students INFO     Student has been successfully added to student_list
2022-12-12 10:02:08,391 log_of_students INFO     Student has been successfully added to student_list
2022-12-12 10:02:08,391 log_of_students INFO     Student has been successfully added to student_list
2022-12-12 10:02:08,391 log_of_students INFO     Student has been successfully added to student_list
2022-12-12 10:02:08,391 log_of_students INFO     Student has been successfully added to student_list
2022-12-12 10:02:08,391 log_of_students INFO     Student has been successfully added to student_list
2022-12-12 10:02:08,391 log_of_students INFO     Student has been successfully added to student_list
2022-12-12 10:02:08,391 log_of_students INFO     Student has been successfully added to student_list
2022-12-12 10:02:08,391 log_of_students INFO     Student has been successfully added to student_list
2022-12-12 10:02:31,238 log_of_students INFO     Student has been successfully added to student_list
2022-12-12 10:02:31,238 log_of_students INFO     Student has been successfully added to student_list
2022-12-12 10:02:31,238 log_of_students INFO     Student has been successfully added to student_list
2022-12-12 10:02:31,238 log_of_students INFO     Student has been successfully added to student_list
2022-12-12 10:02:31,238 log_of_students INFO     Student has been successfully added to student_list
2022-12-12 10:02:31,238 log_of_students INFO     Student has been successfully added to student_list
2022-12-12 10:02:31,238 log_of_students INFO     Student has been successfully added to student_list
2022-12-12 10:02:31,239 log_of_students INFO     Student has been successfully added to student_list
2022-12-12 10:02:31,239 log_of_students INFO     Student has been successfully added to student_list
2022-12-12 10:02:31,239 log_of_students INFO     Student has been successfully added to student_list
2022-12-12 10:02:31,239 log_of_students INFO     Searching for Artem Reva
2022-12-12 10:02:31,239 log_of_students INFO     Searching for Artem Reva
2022-12-12 10:02:44,359 log_of_students INFO     Student has been successfully added to student_list
2022-12-12 10:02:44,359 log_of_students INFO     Student has been successfully added to student_list
2022-12-12 10:02:44,360 log_of_students INFO     Student has been successfully added to student_list
2022-12-12 10:02:44,360 log_of_students INFO     Student has been successfully added to student_list
2022-12-12 10:02:44,360 log_of_students INFO     Student has been successfully added to student_list
2022-12-12 10:02:44,360 log_of_students INFO     Student has been successfully added to student_list
2022-12-12 10:02:44,360 log_of_students INFO     Student has been successfully added to student_list
2022-12-12 10:02:44,360 log_of_students INFO     Student has been successfully added to student_list
2022-12-12 10:02:44,360 log_of_students INFO     Student has been successfully added to student_list
2022-12-12 10:02:44,360 log_of_students INFO     Student has been successfully added to student_list
2022-12-12 10:02:44,360 log_of_students INFO     Searching for Artem Reva
2022-12-12 10:02:44,360 log_of_students INFO     Searching for Artem Reva
2022-12-12 10:02:51,467 log_of_students INFO     Student has been successfully added to student_list
2022-12-12 10:02:51,467 log_of_students INFO     Student has been successfully added to student_list
2022-12-12 10:02:51,467 log_of_students INFO     Student has been successfully added to student_list
2022-12-12 10:02:51,468 log_of_students INFO     Student has been successfully added to student_list
2022-12-12 10:02:51,468 log_of_students INFO     Student has been successfully added to student_list
2022-12-12 10:02:51,468 log_of_students INFO     Student has been successfully added to student_list
2022-12-12 10:02:51,468 log_of_students INFO     Student has been successfully added to student_list
2022-12-12 10:02:51,468 log_of_students INFO     Student has been successfully added to student_list
2022-12-12 10:02:51,468 log_of_students INFO     Student has been successfully added to student_list
2022-12-12 10:02:51,468 log_of_students INFO     Student has been successfully added to student_list
2022-12-12 10:02:51,468 log_of_students INFO     Searching for Artem Reva
2022-12-12 10:02:51,468 log_of_students INFO     Searching for Artem Reva
2022-12-12 10:03:45,583 log_of_students INFO     Student has been successfully added to student_list
2022-12-12 10:03:45,583 log_of_students INFO     Student has been successfully added to student_list
2022-12-12 10:03:45,583 log_of_students INFO     Student has been successfully added to student_list
2022-12-12 10:03:45,583 log_of_students INFO     Student has been successfully added to student_list
2022-12-12 10:03:45,583 log_of_students INFO     Student has been successfully added to student_list
2022-12-12 10:03:45,583 log_of_students INFO     Student has been successfully added to student_list
2022-12-12 10:03:45,583 log_of_students INFO     Student has been successfully added to student_list
2022-12-12 10:03:45,583 log_of_students INFO     Student has been successfully added to student_list
2022-12-12 10:03:45,583 log_of_students INFO     Student has been successfully added to student_list
2022-12-12 10:03:45,583 log_of_students INFO     Student has been successfully added to student_list
2022-12-12 10:03:45,583 log_of_students INFO     Searching for Artem Reva
2022-12-12 10:03:45,583 log_of_students INFO     Searching for Artem Reva
2022-12-12 10:07:17,713 log_of_students INFO     Student has been successfully added to student_list
2022-12-12 10:07:17,713 log_of_students INFO     Student has been successfully added to student_list
2022-12-12 10:07:17,713 log_of_students INFO     Student has been successfully added to student_list
2022-12-12 10:07:17,713 log_of_students INFO     Student has been successfully added to student_list
2022-12-12 10:07:17,713 log_of_students INFO     Student has been successfully added to student_list
2022-12-12 10:07:17,713 log_of_students INFO     Student has been successfully added to student_list
2022-12-12 10:07:17,713 log_of_students INFO     Student has been successfully added to student_list
2022-12-12 10:07:17,713 log_of_students INFO     Student has been successfully added to student_list
2022-12-12 10:07:17,713 log_of_students INFO     Student has been successfully added to student_list
2022-12-12 10:07:17,713 log_of_students INFO     Student has been successfully added to student_list
2022-12-12 10:07:17,713 log_of_students INFO     Searching for Artem Reva
2022-12-12 10:07:17,714 log_of_students INFO     Searching for Artem Reva
2022-12-12 10:07:49,938 log_of_students INFO     Student has been successfully added to student_list
2022-12-12 10:07:49,938 log_of_students INFO     Student has been successfully added to student_list
2022-12-12 10:07:49,938 log_of_students INFO     Student has been successfully added to student_list
2022-12-12 10:07:49,938 log_of_students INFO     Student has been successfully added to student_list
2022-12-12 10:07:49,938 log_of_students INFO     Student has been successfully added to student_list
2022-12-12 10:07:49,938 log_of_students INFO     Student has been successfully added to student_list
2022-12-12 10:07:49,938 log_of_students INFO     Student has been successfully added to student_list
2022-12-12 10:07:49,938 log_of_students INFO     Student has been successfully added to student_list
2022-12-12 10:07:49,938 log_of_students INFO     Student has been successfully added to student_list
2022-12-12 10:07:49,938 log_of_students INFO     Student has been successfully added to student_list
2022-12-12 10:07:49,938 log_of_students INFO     Searching for Artem Reva
2022-12-12 10:07:49,938 log_of_students INFO     Searching for Artem Reva
2022-12-12 10:08:55,166 log_of_students INFO     Student Artem Reva has been successfully added to student_list
2022-12-12 10:08:55,166 log_of_students INFO     Student Rustam Said has been successfully added to student_list
2022-12-12 10:08:55,166 log_of_students INFO     Student George Cool has been successfully added to student_list
2022-12-12 10:08:55,166 log_of_students INFO     Student Patrik Stewart has been successfully added to student_list
2022-12-12 10:08:55,166 log_of_students INFO     Student Chester Bennington has been successfully added to student_list
2022-12-12 10:08:55,166 log_of_students INFO     Student Mike Shinoda has been successfully added to student_list
2022-12-12 10:08:55,166 log_of_students INFO     Student Garet Simpson has been successfully added to student_list
2022-12-12 10:08:55,167 log_of_students INFO     Student Cooler Wakanda has been successfully added to student_list
2022-12-12 10:08:55,167 log_of_students INFO     Student Icey Illecebra has been successfully added to student_list
2022-12-12 10:08:55,167 log_of_students INFO     Student Gordon Ramsey has been successfully added to student_list
2022-12-12 10:08:55,167 log_of_students INFO     Searching for Artem Reva
2022-12-12 10:08:55,167 log_of_students INFO     Searching for Artem Reva
2022-12-12 10:11:08,435 log_of_students INFO     Student Artem Reva has been successfully added to student_list
2022-12-12 10:11:08,435 log_of_students CRITICAL Student add error
student_card not in self.student_list - False
len(self.student_list) < self.max_student - True
2022-12-19 17:51:30,679 log_of_students INFO     Student Artem Reva has been successfully added to student_list
2022-12-19 17:51:30,705 log_of_students INFO     Student Rustam Said has been successfully added to student_list
2022-12-19 17:51:30,705 log_of_students INFO     Student George Cool has been successfully added to student_list
2022-12-19 17:51:30,705 log_of_students INFO     Student Patrik Stewart has been successfully added to student_list
2022-12-19 17:51:30,705 log_of_students INFO     Student Chester Bennington has been successfully added to student_list
2022-12-19 17:51:30,705 log_of_students INFO     Student Mike Shinoda has been successfully added to student_list
2022-12-19 17:51:30,705 log_of_students INFO     Student Garet Simpson has been successfully added to student_list
2022-12-19 17:51:30,705 log_of_students INFO     Student Cooler Wakanda has been successfully added to student_list
2022-12-19 17:51:30,705 log_of_students INFO     Student Icey Illecebra has been successfully added to student_list
2022-12-19 17:51:30,705 log_of_students INFO     Student Gordon Ramsey has been successfully added to student_list
2022-12-19 17:51:30,705 log_of_students INFO     Searching for Artem Reva
2022-12-19 17:51:30,705 log_of_students INFO     Searching for Artem Reva
2022-12-20 18:36:22,252 log_of_students INFO     Student Artem Reva has been successfully added to student_list
2022-12-20 18:36:22,254 log_of_students INFO     Student Rustam Said has been successfully added to student_list
2022-12-20 18:36:22,254 log_of_students INFO     Student George Cool has been successfully added to student_list
2022-12-20 18:36:22,254 log_of_students INFO     Student Patrik Stewart has been successfully added to student_list
2022-12-20 18:36:22,254 log_of_students INFO     Student Chester Bennington has been successfully added to student_list
2022-12-20 18:36:22,254 log_of_students INFO     Student Mike Shinoda has been successfully added to student_list
2022-12-20 18:36:22,254 log_of_students INFO     Student Garet Simpson has been successfully added to student_list
2022-12-20 18:36:22,254 log_of_students INFO     Student Cooler Wakanda has been successfully added to student_list
2022-12-20 18:36:22,255 log_of_students INFO     Student Icey Illecebra has been successfully added to student_list
2022-12-20 18:36:22,255 log_of_students INFO     Student Gordon Ramsey has been successfully added to student_list
2022-12-20 18:36:22,255 log_of_students INFO     Searching for Artem Reva
2022-12-20 18:36:22,255 log_of_students INFO     Searching for Artem Reva
2022-12-20 18:36:40,965 log_of_students INFO     Student Artem Reva has been successfully added to student_list
2022-12-20 18:36:40,965 log_of_students INFO     Student Rustam Said has been successfully added to student_list
2022-12-20 18:36:40,965 log_of_students INFO     Student George Cool has been successfully added to student_list
2022-12-20 18:36:40,965 log_of_students INFO     Student Patrik Stewart has been successfully added to student_list
2022-12-20 18:36:40,965 log_of_students INFO     Student Chester Bennington has been successfully added to student_list
2022-12-20 18:36:40,965 log_of_students INFO     Student Mike Shinoda has been successfully added to student_list
2022-12-20 18:36:40,965 log_of_students INFO     Student Garet Simpson has been successfully added to student_list
2022-12-20 18:36:40,965 log_of_students INFO     Student Cooler Wakanda has been successfully added to student_list
2022-12-20 18:36:40,966 log_of_students INFO     Student Icey Illecebra has been successfully added to student_list
2022-12-20 18:36:40,966 log_of_students INFO     Student Gordon Ramsey has been successfully added to student_list
2022-12-20 18:36:40,966 log_of_students INFO     Searching for Artem Reva
2022-12-20 18:36:40,966 log_of_students INFO     Searching for Artem Reva
2022-12-20 18:36:56,031 log_of_students INFO     Student Artem Reva has been successfully added to student_list
2022-12-20 18:36:56,031 log_of_students INFO     Student Rustam Said has been successfully added to student_list
2022-12-20 18:36:56,031 log_of_students INFO     Student George Cool has been successfully added to student_list
2022-12-20 18:36:56,031 log_of_students INFO     Student Patrik Stewart has been successfully added to student_list
2022-12-20 18:36:56,032 log_of_students INFO     Student Chester Bennington has been successfully added to student_list
2022-12-20 18:36:56,032 log_of_students INFO     Student Mike Shinoda has been successfully added to student_list
2022-12-20 18:36:56,032 log_of_students INFO     Student Garet Simpson has been successfully added to student_list
2022-12-20 18:36:56,032 log_of_students INFO     Student Cooler Wakanda has been successfully added to student_list
2022-12-20 18:36:56,032 log_of_students INFO     Student Icey Illecebra has been successfully added to student_list
2022-12-20 18:36:56,032 log_of_students INFO     Student Gordon Ramsey has been successfully added to student_list
2022-12-20 18:36:56,032 log_of_students INFO     Searching for Artem Reva
2022-12-20 18:36:56,032 log_of_students INFO     Searching for Artem Reva
2022-12-20 18:38:42,825 log_of_students INFO     Student Artem Reva has been successfully added to student_list
2022-12-20 18:38:42,826 log_of_students INFO     Student Rustam Said has been successfully added to student_list
2022-12-20 18:38:42,826 log_of_students INFO     Student George Cool has been successfully added to student_list
2022-12-20 18:38:42,826 log_of_students INFO     Student Patrik Stewart has been successfully added to student_list
2022-12-20 18:38:42,826 log_of_students INFO     Student Chester Bennington has been successfully added to student_list
2022-12-20 18:38:42,826 log_of_students INFO     Student Mike Shinoda has been successfully added to student_list
2022-12-20 18:38:42,826 log_of_students INFO     Student Garet Simpson has been successfully added to student_list
2022-12-20 18:38:42,827 log_of_students INFO     Student Cooler Wakanda has been successfully added to student_list
2022-12-20 18:38:42,827 log_of_students INFO     Student Icey Illecebra has been successfully added to student_list
2022-12-20 18:38:42,827 log_of_students INFO     Student Gordon Ramsey has been successfully added to student_list
2022-12-20 18:38:42,827 log_of_students INFO     Searching for Artem Reva
2022-12-20 18:38:42,827 log_of_students INFO     Searching for Artem Reva
2022-12-20 18:39:22,450 log_of_students INFO     Student Artem Reva has been successfully added to student_list
2022-12-20 18:39:22,451 log_of_students INFO     Student Rustam Said has been successfully added to student_list
2022-12-20 18:39:22,451 log_of_students INFO     Student George Cool has been successfully added to student_list
2022-12-20 18:39:22,451 log_of_students INFO     Student Patrik Stewart has been successfully added to student_list
2022-12-20 18:39:22,451 log_of_students INFO     Student Chester Bennington has been successfully added to student_list
2022-12-20 18:39:22,451 log_of_students INFO     Student Mike Shinoda has been successfully added to student_list
2022-12-20 18:39:22,451 log_of_students INFO     Student Garet Simpson has been successfully added to student_list
2022-12-20 18:39:22,451 log_of_students INFO     Student Cooler Wakanda has been successfully added to student_list
2022-12-20 18:39:22,451 log_of_students INFO     Student Icey Illecebra has been successfully added to student_list
2022-12-20 18:39:22,451 log_of_students INFO     Student Gordon Ramsey has been successfully added to student_list
2022-12-20 18:39:22,451 log_of_students INFO     Searching for Artem Reva
2022-12-20 18:39:22,451 log_of_students INFO     Searching for Artem Reva
2022-12-20 18:39:26,137 log_of_students INFO     Student Artem Reva has been successfully added to student_list
2022-12-20 18:39:26,137 log_of_students INFO     Student Rustam Said has been successfully added to student_list
2022-12-20 18:39:26,137 log_of_students INFO     Student George Cool has been successfully added to student_list
2022-12-20 18:39:26,137 log_of_students INFO     Student Patrik Stewart has been successfully added to student_list
2022-12-20 18:39:26,137 log_of_students INFO     Student Chester Bennington has been successfully added to student_list
2022-12-20 18:39:26,137 log_of_students INFO     Student Mike Shinoda has been successfully added to student_list
2022-12-20 18:39:26,137 log_of_students INFO     Student Garet Simpson has been successfully added to student_list
2022-12-20 18:39:26,137 log_of_students INFO     Student Cooler Wakanda has been successfully added to student_list
2022-12-20 18:39:26,137 log_of_students INFO     Student Icey Illecebra has been successfully added to student_list
2022-12-20 18:39:26,137 log_of_students INFO     Student Gordon Ramsey has been successfully added to student_list
2022-12-20 18:39:26,137 log_of_students INFO     Searching for Artem Reva
2022-12-20 18:39:26,138 log_of_students INFO     Searching for Artem Reva
2022-12-20 18:39:43,200 log_of_students INFO     Student Artem Reva has been successfully added to student_list
2022-12-20 18:39:43,201 log_of_students INFO     Student Rustam Said has been successfully added to student_list
2022-12-20 18:39:43,201 log_of_students INFO     Student George Cool has been successfully added to student_list
2022-12-20 18:39:43,201 log_of_students INFO     Student Patrik Stewart has been successfully added to student_list
2022-12-20 18:39:43,201 log_of_students INFO     Student Chester Bennington has been successfully added to student_list
2022-12-20 18:39:43,201 log_of_students INFO     Student Mike Shinoda has been successfully added to student_list
2022-12-20 18:39:43,201 log_of_students INFO     Student Garet Simpson has been successfully added to student_list
2022-12-20 18:39:43,201 log_of_students INFO     Student Cooler Wakanda has been successfully added to student_list
2022-12-20 18:39:43,201 log_of_students INFO     Student Icey Illecebra has been successfully added to student_list
2022-12-20 18:39:43,201 log_of_students INFO     Student Gordon Ramsey has been successfully added to student_list
2022-12-20 18:39:43,201 log_of_students INFO     Searching for Artem Reva
2022-12-20 18:39:43,201 log_of_students INFO     Searching for Artem Reva
2022-12-20 18:39:56,854 log_of_students INFO     Student Artem Reva has been successfully added to student_list
2022-12-20 18:39:56,854 log_of_students INFO     Student Rustam Said has been successfully added to student_list
2022-12-20 18:39:56,854 log_of_students INFO     Student George Cool has been successfully added to student_list
2022-12-20 18:39:56,854 log_of_students INFO     Student Patrik Stewart has been successfully added to student_list
2022-12-20 18:39:56,854 log_of_students INFO     Student Chester Bennington has been successfully added to student_list
2022-12-20 18:39:56,854 log_of_students INFO     Student Mike Shinoda has been successfully added to student_list
2022-12-20 18:39:56,854 log_of_students INFO     Student Garet Simpson has been successfully added to student_list
2022-12-20 18:39:56,854 log_of_students INFO     Student Cooler Wakanda has been successfully added to student_list
2022-12-20 18:39:56,854 log_of_students INFO     Student Icey Illecebra has been successfully added to student_list
2022-12-20 18:39:56,854 log_of_students INFO     Student Gordon Ramsey has been successfully added to student_list
2022-12-20 18:39:56,854 log_of_students INFO     Searching for Artem Reva
2022-12-20 18:39:56,854 log_of_students INFO     Searching for Artem Reva
2022-12-20 18:41:29,547 log_of_students INFO     Student Artem Reva has been successfully added to student_list
2022-12-20 18:41:29,548 log_of_students INFO     Student Rustam Said has been successfully added to student_list
2022-12-20 18:41:29,548 log_of_students INFO     Student George Cool has been successfully added to student_list
2022-12-20 18:41:29,548 log_of_students INFO     Student Patrik Stewart has been successfully added to student_list
2022-12-20 18:41:29,548 log_of_students INFO     Student Chester Bennington has been successfully added to student_list
2022-12-20 18:41:29,548 log_of_students INFO     Student Mike Shinoda has been successfully added to student_list
2022-12-20 18:41:29,548 log_of_students INFO     Student Garet Simpson has been successfully added to student_list
2022-12-20 18:41:29,548 log_of_students INFO     Student Cooler Wakanda has been successfully added to student_list
2022-12-20 18:41:29,548 log_of_students INFO     Student Icey Illecebra has been successfully added to student_list
2022-12-20 18:41:29,548 log_of_students INFO     Student Gordon Ramsey has been successfully added to student_list
2022-12-20 18:41:29,548 log_of_students INFO     Searching for Artem Reva
2022-12-20 18:41:29,548 log_of_students INFO     Searching for Artem Reva
2022-12-20 18:51:52,615 log_of_students INFO     Student Artem Reva has been successfully added to student_list
2022-12-20 18:51:52,615 log_of_students INFO     Student Rustam Said has been successfully added to student_list
2022-12-20 18:51:52,615 log_of_students INFO     Student George Cool has been successfully added to student_list
2022-12-20 18:51:52,615 log_of_students INFO     Student Patrik Stewart has been successfully added to student_list
2022-12-20 18:51:52,615 log_of_students INFO     Student Chester Bennington has been successfully added to student_list
2022-12-20 18:51:52,615 log_of_students INFO     Student Mike Shinoda has been successfully added to student_list
2022-12-20 18:51:52,615 log_of_students INFO     Student Garet Simpson has been successfully added to student_list
2022-12-20 18:51:52,615 log_of_students INFO     Student Cooler Wakanda has been successfully added to student_list
2022-12-20 18:51:52,615 log_of_students INFO     Student Icey Illecebra has been successfully added to student_list
2022-12-20 18:51:52,616 log_of_students INFO     Student Gordon Ramsey has been successfully added to student_list
2022-12-20 18:51:52,616 log_of_students INFO     Searching for Artem Reva
2022-12-20 18:51:52,616 log_of_students INFO     Searching for Artem Reva
2022-12-20 18:52:01,475 log_of_students INFO     Student Artem Reva has been successfully added to student_list
2022-12-20 18:52:01,476 log_of_students INFO     Student Rustam Said has been successfully added to student_list
2022-12-20 18:52:01,476 log_of_students INFO     Student George Cool has been successfully added to student_list
2022-12-20 18:52:01,476 log_of_students INFO     Student Patrik Stewart has been successfully added to student_list
2022-12-20 18:52:01,476 log_of_students INFO     Student Chester Bennington has been successfully added to student_list
2022-12-20 18:52:01,476 log_of_students INFO     Student Mike Shinoda has been successfully added to student_list
2022-12-20 18:52:01,476 log_of_students INFO     Student Garet Simpson has been successfully added to student_list
2022-12-20 18:52:01,476 log_of_students INFO     Student Cooler Wakanda has been successfully added to student_list
2022-12-20 18:52:01,477 log_of_students INFO     Student Icey Illecebra has been successfully added to student_list
2022-12-20 18:52:01,477 log_of_students INFO     Student Gordon Ramsey has been successfully added to student_list
2022-12-20 18:52:01,477 log_of_students INFO     Searching for Artem Reva
2022-12-20 18:52:01,477 log_of_students INFO     Searching for Artem Reva
2022-12-20 18:52:05,021 log_of_students INFO     Student Artem Reva has been successfully added to student_list
2022-12-20 18:52:05,021 log_of_students INFO     Student Rustam Said has been successfully added to student_list
2022-12-20 18:52:05,022 log_of_students INFO     Student George Cool has been successfully added to student_list
2022-12-20 18:52:05,022 log_of_students INFO     Student Patrik Stewart has been successfully added to student_list
2022-12-20 18:52:05,022 log_of_students INFO     Student Chester Bennington has been successfully added to student_list
2022-12-20 18:52:05,022 log_of_students INFO     Student Mike Shinoda has been successfully added to student_list
2022-12-20 18:52:05,022 log_of_students INFO     Student Garet Simpson has been successfully added to student_list
2022-12-20 18:52:05,022 log_of_students INFO     Student Cooler Wakanda has been successfully added to student_list
2022-12-20 18:52:05,023 log_of_students INFO     Student Icey Illecebra has been successfully added to student_list
2022-12-20 18:52:05,023 log_of_students INFO     Student Gordon Ramsey has been successfully added to student_list
2022-12-20 18:52:05,023 log_of_students INFO     Searching for Artem Reva
2022-12-20 18:52:05,023 log_of_students INFO     Searching for Artem Reva
2022-12-20 18:52:37,778 log_of_students INFO     Student Artem Reva has been successfully added to student_list
2022-12-20 18:52:37,778 log_of_students INFO     Student Rustam Said has been successfully added to student_list
2022-12-20 18:52:37,778 log_of_students INFO     Student George Cool has been successfully added to student_list
2022-12-20 18:52:37,778 log_of_students INFO     Student Patrik Stewart has been successfully added to student_list
2022-12-20 18:52:37,778 log_of_students INFO     Student Chester Bennington has been successfully added to student_list
2022-12-20 18:52:37,778 log_of_students INFO     Student Mike Shinoda has been successfully added to student_list
2022-12-20 18:52:37,778 log_of_students INFO     Student Garet Simpson has been successfully added to student_list
2022-12-20 18:52:37,778 log_of_students INFO     Student Cooler Wakanda has been successfully added to student_list
2022-12-20 18:52:37,778 log_of_students INFO     Student Icey Illecebra has been successfully added to student_list
2022-12-20 18:52:37,778 log_of_students INFO     Student Gordon Ramsey has been successfully added to student_list
2022-12-20 18:52:37,778 log_of_students INFO     Searching for Artem Reva
2022-12-20 18:52:37,778 log_of_students INFO     Searching for Artem Reva
2022-12-20 18:53:09,195 log_of_students INFO     Student Artem Reva has been successfully added to student_list
2022-12-20 18:53:09,196 log_of_students INFO     Student Rustam Said has been successfully added to student_list
2022-12-20 18:53:09,196 log_of_students INFO     Student George Cool has been successfully added to student_list
2022-12-20 18:53:09,196 log_of_students INFO     Student Patrik Stewart has been successfully added to student_list
2022-12-20 18:53:09,196 log_of_students INFO     Student Chester Bennington has been successfully added to student_list
2022-12-20 18:53:09,196 log_of_students INFO     Student Mike Shinoda has been successfully added to student_list
2022-12-20 18:53:09,196 log_of_students INFO     Student Garet Simpson has been successfully added to student_list
2022-12-20 18:53:09,196 log_of_students INFO     Student Cooler Wakanda has been successfully added to student_list
2022-12-20 18:53:09,196 log_of_students INFO     Student Icey Illecebra has been successfully added to student_list
2022-12-20 18:53:09,196 log_of_students INFO     Student Gordon Ramsey has been successfully added to student_list
2022-12-20 18:53:09,196 log_of_students INFO     Searching for Artem Reva
2022-12-20 18:53:09,196 log_of_students INFO     Searching for Artem Reva
2022-12-20 18:53:24,448 log_of_students INFO     Student Artem Reva has been successfully added to student_list
2022-12-20 18:53:24,448 log_of_students INFO     Student Rustam Said has been successfully added to student_list
2022-12-20 18:53:24,448 log_of_students INFO     Student George Cool has been successfully added to student_list
2022-12-20 18:53:24,448 log_of_students INFO     Student Patrik Stewart has been successfully added to student_list
2022-12-20 18:53:24,448 log_of_students INFO     Student Chester Bennington has been successfully added to student_list
2022-12-20 18:53:24,448 log_of_students INFO     Student Mike Shinoda has been successfully added to student_list
2022-12-20 18:53:24,448 log_of_students INFO     Student Garet Simpson has been successfully added to student_list
2022-12-20 18:53:24,448 log_of_students INFO     Student Cooler Wakanda has been successfully added to student_list
2022-12-20 18:53:24,448 log_of_students INFO     Student Icey Illecebra has been successfully added to student_list
2022-12-20 18:53:24,448 log_of_students INFO     Student Gordon Ramsey has been successfully added to student_list
2022-12-20 18:53:24,448 log_of_students INFO     Searching for Artem Reva
2022-12-20 18:53:24,448 log_of_students INFO     Searching for Artem Reva
2022-12-20 18:54:02,142 log_of_students INFO     Student Artem Reva has been successfully added to student_list
2022-12-20 18:54:02,143 log_of_students INFO     Student Rustam Said has been successfully added to student_list
2022-12-20 18:54:02,143 log_of_students INFO     Student George Cool has been successfully added to student_list
2022-12-20 18:54:02,143 log_of_students INFO     Student Patrik Stewart has been successfully added to student_list
2022-12-20 18:54:02,143 log_of_students INFO     Student Chester Bennington has been successfully added to student_list
2022-12-20 18:54:02,143 log_of_students INFO     Student Mike Shinoda has been successfully added to student_list
2022-12-20 18:54:02,143 log_of_students INFO     Student Garet Simpson has been successfully added to student_list
2022-12-20 18:54:02,143 log_of_students INFO     Student Cooler Wakanda has been successfully added to student_list
2022-12-20 18:54:02,144 log_of_students INFO     Student Icey Illecebra has been successfully added to student_list
2022-12-20 18:54:02,144 log_of_students INFO     Student Gordon Ramsey has been successfully added to student_list
2022-12-20 18:54:02,144 log_of_students INFO     Searching for Artem Reva
2022-12-20 18:54:02,144 log_of_students INFO     Searching for Artem Reva
2022-12-20 18:54:58,078 log_of_students INFO     Student Artem Reva has been successfully added to student_list
2022-12-20 18:54:58,078 log_of_students INFO     Student Rustam Said has been successfully added to student_list
2022-12-20 18:54:58,078 log_of_students INFO     Student George Cool has been successfully added to student_list
2022-12-20 18:54:58,078 log_of_students INFO     Student Patrik Stewart has been successfully added to student_list
2022-12-20 18:54:58,078 log_of_students INFO     Student Chester Bennington has been successfully added to student_list
2022-12-20 18:54:58,078 log_of_students INFO     Student Mike Shinoda has been successfully added to student_list
2022-12-20 18:54:58,078 log_of_students INFO     Student Garet Simpson has been successfully added to student_list
2022-12-20 18:54:58,078 log_of_students INFO     Student Cooler Wakanda has been successfully added to student_list
2022-12-20 18:54:58,078 log_of_students INFO     Student Icey Illecebra has been successfully added to student_list
2022-12-20 18:54:58,078 log_of_students INFO     Student Gordon Ramsey has been successfully added to student_list
2022-12-20 18:54:58,078 log_of_students INFO     Searching for Artem Reva
2022-12-20 18:54:58,079 log_of_students INFO     Searching for Artem Reva
2022-12-20 18:56:00,636 log_of_students INFO     Student Artem Reva has been successfully added to student_list
2022-12-20 18:56:00,636 log_of_students INFO     Student Rustam Said has been successfully added to student_list
2022-12-20 18:56:00,636 log_of_students INFO     Student George Cool has been successfully added to student_list
2022-12-20 18:56:00,636 log_of_students INFO     Student Patrik Stewart has been successfully added to student_list
2022-12-20 18:56:00,636 log_of_students INFO     Student Chester Bennington has been successfully added to student_list
2022-12-20 18:56:00,636 log_of_students INFO     Student Mike Shinoda has been successfully added to student_list
2022-12-20 18:56:00,636 log_of_students INFO     Student Garet Simpson has been successfully added to student_list
2022-12-20 18:56:00,636 log_of_students INFO     Student Cooler Wakanda has been successfully added to student_list
2022-12-20 18:56:00,636 log_of_students INFO     Student Icey Illecebra has been successfully added to student_list
2022-12-20 18:56:00,636 log_of_students INFO     Student Gordon Ramsey has been successfully added to student_list
2022-12-20 18:56:00,636 log_of_students INFO     Searching for Artem Reva
2022-12-20 18:56:00,636 log_of_students INFO     Searching for Artem Reva
2022-12-20 18:56:36,958 log_of_students INFO     Student Artem Reva has been successfully added to student_list
2022-12-20 18:56:36,958 log_of_students INFO     Student Rustam Said has been successfully added to student_list
2022-12-20 18:56:36,958 log_of_students INFO     Student George Cool has been successfully added to student_list
2022-12-20 18:56:36,958 log_of_students INFO     Student Patrik Stewart has been successfully added to student_list
2022-12-20 18:56:36,958 log_of_students INFO     Student Chester Bennington has been successfully added to student_list
2022-12-20 18:56:36,958 log_of_students INFO     Student Mike Shinoda has been successfully added to student_list
2022-12-20 18:56:36,958 log_of_students INFO     Student Garet Simpson has been successfully added to student_list
2022-12-20 18:56:36,958 log_of_students INFO     Student Cooler Wakanda has been successfully added to student_list
2022-12-20 18:56:36,958 log_of_students INFO     Student Icey Illecebra has been successfully added to student_list
2022-12-20 18:56:36,958 log_of_students INFO     Student Gordon Ramsey has been successfully added to student_list
2022-12-20 18:56:36,958 log_of_students INFO     Searching for Artem Reva
2022-12-20 18:56:36,958 log_of_students INFO     Searching for Artem Reva
2022-12-20 18:56:55,952 log_of_students INFO     Student Artem Reva has been successfully added to student_list
2022-12-20 18:56:55,953 log_of_students INFO     Student Rustam Said has been successfully added to student_list
2022-12-20 18:56:55,953 log_of_students INFO     Student George Cool has been successfully added to student_list
2022-12-20 18:56:55,953 log_of_students INFO     Student Patrik Stewart has been successfully added to student_list
2022-12-20 18:56:55,953 log_of_students INFO     Student Chester Bennington has been successfully added to student_list
2022-12-20 18:56:55,953 log_of_students INFO     Student Mike Shinoda has been successfully added to student_list
2022-12-20 18:56:55,953 log_of_students INFO     Student Garet Simpson has been successfully added to student_list
2022-12-20 18:56:55,953 log_of_students INFO     Student Cooler Wakanda has been successfully added to student_list
2022-12-20 18:56:55,953 log_of_students INFO     Student Icey Illecebra has been successfully added to student_list
2022-12-20 18:56:55,953 log_of_students INFO     Student Gordon Ramsey has been successfully added to student_list
2022-12-20 18:56:55,953 log_of_students INFO     Searching for Artem Reva
2022-12-20 18:56:55,953 log_of_students INFO     Searching for Artem Reva
2022-12-20 18:59:30,929 log_of_students INFO     Student Artem Reva has been successfully added to student_list
2022-12-20 18:59:30,930 log_of_students INFO     Student Rustam Said has been successfully added to student_list
2022-12-20 18:59:30,930 log_of_students INFO     Student George Cool has been successfully added to student_list
2022-12-20 18:59:30,930 log_of_students INFO     Student Patrik Stewart has been successfully added to student_list
2022-12-20 18:59:30,930 log_of_students INFO     Student Chester Bennington has been successfully added to student_list
2022-12-20 18:59:30,930 log_of_students INFO     Student Mike Shinoda has been successfully added to student_list
2022-12-20 18:59:30,930 log_of_students INFO     Student Garet Simpson has been successfully added to student_list
2022-12-20 18:59:30,930 log_of_students INFO     Student Cooler Wakanda has been successfully added to student_list
2022-12-20 18:59:30,930 log_of_students INFO     Student Icey Illecebra has been successfully added to student_list
2022-12-20 18:59:30,930 log_of_students INFO     Student Gordon Ramsey has been successfully added to student_list
2022-12-20 18:59:30,930 log_of_students INFO     Searching for Artem Reva
2022-12-20 18:59:30,930 log_of_students INFO     Searching for Artem Reva
2022-12-20 18:59:33,982 log_of_students INFO     Student Artem Reva has been successfully added to student_list
2022-12-20 18:59:33,983 log_of_students INFO     Student Rustam Said has been successfully added to student_list
2022-12-20 18:59:33,983 log_of_students INFO     Student George Cool has been successfully added to student_list
2022-12-20 18:59:33,983 log_of_students INFO     Student Patrik Stewart has been successfully added to student_list
2022-12-20 18:59:33,983 log_of_students INFO     Student Chester Bennington has been successfully added to student_list
2022-12-20 18:59:33,983 log_of_students INFO     Student Mike Shinoda has been successfully added to student_list
2022-12-20 18:59:33,983 log_of_students INFO     Student Garet Simpson has been successfully added to student_list
2022-12-20 18:59:33,983 log_of_students INFO     Student Cooler Wakanda has been successfully added to student_list
2022-12-20 18:59:33,984 log_of_students INFO     Student Icey Illecebra has been successfully added to student_list
2022-12-20 18:59:33,984 log_of_students INFO     Student Gordon Ramsey has been successfully added to student_list
2022-12-20 18:59:33,984 log_of_students INFO     Searching for Artem Reva
2022-12-20 18:59:33,984 log_of_students INFO     Searching for Artem Reva
2022-12-20 19:00:30,012 log_of_students INFO     Student Artem Reva has been successfully added to student_list
2022-12-20 19:00:30,012 log_of_students INFO     Student Rustam Said has been successfully added to student_list
2022-12-20 19:00:30,012 log_of_students INFO     Student George Cool has been successfully added to student_list
2022-12-20 19:00:30,012 log_of_students INFO     Student Patrik Stewart has been successfully added to student_list
2022-12-20 19:00:30,012 log_of_students INFO     Student Chester Bennington has been successfully added to student_list
2022-12-20 19:00:30,012 log_of_students INFO     Student Mike Shinoda has been successfully added to student_list
2022-12-20 19:00:30,012 log_of_students INFO     Student Garet Simpson has been successfully added to student_list
2022-12-20 19:00:30,012 log_of_students INFO     Student Cooler Wakanda has been successfully added to student_list
2022-12-20 19:00:30,012 log_of_students INFO     Student Icey Illecebra has been successfully added to student_list
2022-12-20 19:00:30,013 log_of_students INFO     Student Gordon Ramsey has been successfully added to student_list
2022-12-20 19:00:30,013 log_of_students INFO     Searching for Artem Reva
2022-12-20 19:00:30,013 log_of_students INFO     Searching for Artem Reva
2022-12-20 19:00:31,720 log_of_students INFO     Student Artem Reva has been successfully added to student_list
2022-12-20 19:00:31,720 log_of_students INFO     Student Rustam Said has been successfully added to student_list
2022-12-20 19:00:31,720 log_of_students INFO     Student George Cool has been successfully added to student_list
2022-12-20 19:00:31,721 log_of_students INFO     Student Patrik Stewart has been successfully added to student_list
2022-12-20 19:00:31,721 log_of_students INFO     Student Chester Bennington has been successfully added to student_list
2022-12-20 19:00:31,721 log_of_students INFO     Student Mike Shinoda has been successfully added to student_list
2022-12-20 19:00:31,721 log_of_students INFO     Student Garet Simpson has been successfully added to student_list
2022-12-20 19:00:31,721 log_of_students INFO     Student Cooler Wakanda has been successfully added to student_list
2022-12-20 19:00:31,721 log_of_students INFO     Student Icey Illecebra has been successfully added to student_list
2022-12-20 19:00:31,721 log_of_students INFO     Student Gordon Ramsey has been successfully added to student_list
2022-12-20 19:00:31,721 log_of_students INFO     Searching for Artem Reva
2022-12-20 19:00:31,721 log_of_students INFO     Searching for Artem Reva
2022-12-20 19:01:52,416 log_of_students INFO     Student Artem Reva has been successfully added to student_list
2022-12-20 19:01:52,416 log_of_students INFO     Student Rustam Said has been successfully added to student_list
2022-12-20 19:01:52,416 log_of_students INFO     Student George Cool has been successfully added to student_list
2022-12-20 19:01:52,416 log_of_students INFO     Student Patrik Stewart has been successfully added to student_list
2022-12-20 19:01:52,416 log_of_students INFO     Student Chester Bennington has been successfully added to student_list
2022-12-20 19:01:52,416 log_of_students INFO     Student Mike Shinoda has been successfully added to student_list
2022-12-20 19:01:52,416 log_of_students INFO     Student Garet Simpson has been successfully added to student_list
2022-12-20 19:01:52,416 log_of_students INFO     Student Cooler Wakanda has been successfully added to student_list
2022-12-20 19:01:52,416 log_of_students INFO     Student Icey Illecebra has been successfully added to student_list
2022-12-20 19:01:52,417 log_of_students INFO     Student Gordon Ramsey has been successfully added to student_list
2022-12-20 19:01:52,417 log_of_students INFO     Searching for Artem Reva
2022-12-20 19:01:52,417 log_of_students INFO     Searching for Artem Reva
2022-12-20 19:02:06,359 log_of_students INFO     Student Artem Reva has been successfully added to student_list
2022-12-20 19:02:06,359 log_of_students INFO     Student Rustam Said has been successfully added to student_list
2022-12-20 19:02:06,359 log_of_students INFO     Student George Cool has been successfully added to student_list
2022-12-20 19:02:06,359 log_of_students INFO     Student Patrik Stewart has been successfully added to student_list
2022-12-20 19:02:06,359 log_of_students INFO     Student Chester Bennington has been successfully added to student_list
2022-12-20 19:02:06,359 log_of_students INFO     Student Mike Shinoda has been successfully added to student_list
2022-12-20 19:02:06,359 log_of_students INFO     Student Garet Simpson has been successfully added to student_list
2022-12-20 19:02:06,359 log_of_students INFO     Student Cooler Wakanda has been successfully added to student_list
2022-12-20 19:02:06,359 log_of_students INFO     Student Icey Illecebra has been successfully added to student_list
2022-12-20 19:02:06,359 log_of_students INFO     Student Gordon Ramsey has been successfully added to student_list
2022-12-20 19:02:06,359 log_of_students INFO     Searching for Artem Reva
2022-12-20 19:02:06,359 log_of_students INFO     Searching for Artem Reva
2022-12-20 19:02:10,636 log_of_students INFO     Student Artem Reva has been successfully added to student_list
2022-12-20 19:02:10,636 log_of_students INFO     Student Rustam Said has been successfully added to student_list
2022-12-20 19:02:10,636 log_of_students INFO     Student George Cool has been successfully added to student_list
2022-12-20 19:02:10,636 log_of_students INFO     Student Patrik Stewart has been successfully added to student_list
2022-12-20 19:02:10,636 log_of_students INFO     Student Chester Bennington has been successfully added to student_list
2022-12-20 19:02:10,637 log_of_students INFO     Student Mike Shinoda has been successfully added to student_list
2022-12-20 19:02:10,637 log_of_students INFO     Student Garet Simpson has been successfully added to student_list
2022-12-20 19:02:10,637 log_of_students INFO     Student Cooler Wakanda has been successfully added to student_list
2022-12-20 19:02:10,637 log_of_students INFO     Student Icey Illecebra has been successfully added to student_list
2022-12-20 19:02:10,637 log_of_students INFO     Student Gordon Ramsey has been successfully added to student_list
2022-12-20 19:02:10,637 log_of_students INFO     Searching for Artem Reva
2022-12-20 19:02:10,637 log_of_students INFO     Searching for Artem Reva
2022-12-20 19:02:14,265 log_of_students INFO     Student Artem Reva has been successfully added to student_list
2022-12-20 19:02:14,265 log_of_students INFO     Student Rustam Said has been successfully added to student_list
2022-12-20 19:02:14,265 log_of_students INFO     Student George Cool has been successfully added to student_list
2022-12-20 19:02:14,265 log_of_students INFO     Student Patrik Stewart has been successfully added to student_list
2022-12-20 19:02:14,265 log_of_students INFO     Student Chester Bennington has been successfully added to student_list
2022-12-20 19:02:14,265 log_of_students INFO     Student Mike Shinoda has been successfully added to student_list
2022-12-20 19:02:14,265 log_of_students INFO     Student Garet Simpson has been successfully added to student_list
2022-12-20 19:02:14,265 log_of_students INFO     Student Cooler Wakanda has been successfully added to student_list
2022-12-20 19:02:14,265 log_of_students INFO     Student Icey Illecebra has been successfully added to student_list
2022-12-20 19:02:14,266 log_of_students INFO     Student Gordon Ramsey has been successfully added to student_list
2022-12-20 19:02:14,266 log_of_students INFO     Searching for Artem Reva
2022-12-20 19:02:14,266 log_of_students INFO     Searching for Artem Reva
2022-12-20 19:02:26,122 log_of_students INFO     Student Artem Reva has been successfully added to student_list
2022-12-20 19:02:26,122 log_of_students INFO     Student Rustam Said has been successfully added to student_list
2022-12-20 19:02:26,122 log_of_students INFO     Student George Cool has been successfully added to student_list
2022-12-20 19:02:26,122 log_of_students INFO     Student Patrik Stewart has been successfully added to student_list
2022-12-20 19:02:26,122 log_of_students INFO     Student Chester Bennington has been successfully added to student_list
2022-12-20 19:02:26,122 log_of_students INFO     Student Mike Shinoda has been successfully added to student_list
2022-12-20 19:02:26,123 log_of_students INFO     Student Garet Simpson has been successfully added to student_list
2022-12-20 19:02:26,123 log_of_students INFO     Student Cooler Wakanda has been successfully added to student_list
2022-12-20 19:02:26,123 log_of_students INFO     Student Icey Illecebra has been successfully added to student_list
2022-12-20 19:02:26,123 log_of_students INFO     Student Gordon Ramsey has been successfully added to student_list
2022-12-20 19:02:26,123 log_of_students INFO     Searching for Artem Reva
2022-12-20 19:02:26,123 log_of_students INFO     Searching for Artem Reva
2022-12-20 19:02:30,716 log_of_students INFO     Student Artem Reva has been successfully added to student_list
2022-12-20 19:02:30,716 log_of_students INFO     Student Rustam Said has been successfully added to student_list
2022-12-20 19:02:30,716 log_of_students INFO     Student George Cool has been successfully added to student_list
2022-12-20 19:02:30,717 log_of_students INFO     Student Patrik Stewart has been successfully added to student_list
2022-12-20 19:02:30,717 log_of_students INFO     Student Chester Bennington has been successfully added to student_list
2022-12-20 19:02:30,717 log_of_students INFO     Student Mike Shinoda has been successfully added to student_list
2022-12-20 19:02:30,717 log_of_students INFO     Student Garet Simpson has been successfully added to student_list
2022-12-20 19:02:30,717 log_of_students INFO     Student Cooler Wakanda has been successfully added to student_list
2022-12-20 19:02:30,717 log_of_students INFO     Student Icey Illecebra has been successfully added to student_list
2022-12-20 19:02:30,717 log_of_students INFO     Student Gordon Ramsey has been successfully added to student_list
2022-12-20 19:02:30,717 log_of_students INFO     Searching for Artem Reva
2022-12-20 19:02:30,717 log_of_students INFO     Searching for Artem Reva
2022-12-20 19:02:44,229 log_of_students INFO     Student Artem Reva has been successfully added to student_list
2022-12-20 19:02:44,229 log_of_students INFO     Student Rustam Said has been successfully added to student_list
2022-12-20 19:02:44,230 log_of_students INFO     Student George Cool has been successfully added to student_list
2022-12-20 19:02:44,230 log_of_students INFO     Student Patrik Stewart has been successfully added to student_list
2022-12-20 19:02:44,230 log_of_students INFO     Student Chester Bennington has been successfully added to student_list
2022-12-20 19:02:44,230 log_of_students INFO     Student Mike Shinoda has been successfully added to student_list
2022-12-20 19:02:44,230 log_of_students INFO     Student Garet Simpson has been successfully added to student_list
2022-12-20 19:02:44,230 log_of_students INFO     Student Cooler Wakanda has been successfully added to student_list
2022-12-20 19:02:44,230 log_of_students INFO     Student Icey Illecebra has been successfully added to student_list
2022-12-20 19:02:44,230 log_of_students INFO     Student Gordon Ramsey has been successfully added to student_list
2022-12-20 19:02:44,230 log_of_students INFO     Searching for Artem Reva
2022-12-20 19:02:44,230 log_of_students INFO     Searching for Artem Reva
2022-12-20 19:04:56,854 log_of_students INFO     Student Artem Reva has been successfully added to student_list
2022-12-20 19:04:56,855 log_of_students INFO     Student Rustam Said has been successfully added to student_list
2022-12-20 19:04:56,855 log_of_students INFO     Student George Cool has been successfully added to student_list
2022-12-20 19:04:56,855 log_of_students INFO     Student Patrik Stewart has been successfully added to student_list
2022-12-20 19:04:56,855 log_of_students INFO     Student Chester Bennington has been successfully added to student_list
2022-12-20 19:04:56,855 log_of_students INFO     Student Mike Shinoda has been successfully added to student_list
2022-12-20 19:04:56,855 log_of_students INFO     Student Garet Simpson has been successfully added to student_list
2022-12-20 19:04:56,855 log_of_students INFO     Student Cooler Wakanda has been successfully added to student_list
2022-12-20 19:04:56,855 log_of_students INFO     Student Icey Illecebra has been successfully added to student_list
2022-12-20 19:04:56,855 log_of_students INFO     Student Gordon Ramsey has been successfully added to student_list
2022-12-20 19:04:56,855 log_of_students INFO     Searching for Artem Reva
2022-12-20 19:04:56,855 log_of_students INFO     Searching for Artem Reva
2022-12-20 19:05:04,180 log_of_students INFO     Student Artem Reva has been successfully added to student_list
2022-12-20 19:05:04,181 log_of_students INFO     Student Rustam Said has been successfully added to student_list
2022-12-20 19:05:04,181 log_of_students INFO     Student George Cool has been successfully added to student_list
2022-12-20 19:05:04,181 log_of_students INFO     Student Patrik Stewart has been successfully added to student_list
2022-12-20 19:05:04,181 log_of_students INFO     Student Chester Bennington has been successfully added to student_list
2022-12-20 19:05:04,181 log_of_students INFO     Student Mike Shinoda has been successfully added to student_list
2022-12-20 19:05:04,181 log_of_students INFO     Student Garet Simpson has been successfully added to student_list
2022-12-20 19:05:04,181 log_of_students INFO     Student Cooler Wakanda has been successfully added to student_list
2022-12-20 19:05:04,181 log_of_students INFO     Student Icey Illecebra has been successfully added to student_list
2022-12-20 19:05:04,181 log_of_students INFO     Student Gordon Ramsey has been successfully added to student_list
2022-12-20 19:05:04,181 log_of_students INFO     Searching for Artem Reva
2022-12-20 19:05:04,181 log_of_students INFO     Searching for Artem Reva
2022-12-20 19:05:58,156 log_of_students INFO     Student Artem Reva has been successfully added to student_list
2022-12-20 19:05:58,157 log_of_students INFO     Student Rustam Said has been successfully added to student_list
2022-12-20 19:05:58,157 log_of_students INFO     Student George Cool has been successfully added to student_list
2022-12-20 19:05:58,157 log_of_students INFO     Student Patrik Stewart has been successfully added to student_list
2022-12-20 19:05:58,157 log_of_students INFO     Student Chester Bennington has been successfully added to student_list
2022-12-20 19:05:58,157 log_of_students INFO     Student Mike Shinoda has been successfully added to student_list
2022-12-20 19:05:58,157 log_of_students INFO     Student Garet Simpson has been successfully added to student_list
2022-12-20 19:05:58,157 log_of_students INFO     Student Cooler Wakanda has been successfully added to student_list
2022-12-20 19:05:58,157 log_of_students INFO     Student Icey Illecebra has been successfully added to student_list
2022-12-20 19:05:58,157 log_of_students INFO     Student Gordon Ramsey has been successfully added to student_list
2022-12-20 19:05:58,157 log_of_students INFO     Searching for Artem Reva
2022-12-20 19:05:58,157 log_of_students INFO     Searching for Artem Reva
2022-12-20 19:06:52,779 log_of_students INFO     Student Artem Reva has been successfully added to student_list
2022-12-20 19:06:52,779 log_of_students INFO     Student Rustam Said has been successfully added to student_list
2022-12-20 19:06:52,780 log_of_students INFO     Student George Cool has been successfully added to student_list
2022-12-20 19:06:52,780 log_of_students INFO     Student Patrik Stewart has been successfully added to student_list
2022-12-20 19:06:52,780 log_of_students INFO     Student Chester Bennington has been successfully added to student_list
2022-12-20 19:06:52,780 log_of_students INFO     Student Mike Shinoda has been successfully added to student_list
2022-12-20 19:06:52,780 log_of_students INFO     Student Garet Simpson has been successfully added to student_list
2022-12-20 19:06:52,780 log_of_students INFO     Student Cooler Wakanda has been successfully added to student_list
2022-12-20 19:06:52,780 log_of_students INFO     Student Icey Illecebra has been successfully added to student_list
2022-12-20 19:06:52,780 log_of_students INFO     Student Gordon Ramsey has been successfully added to student_list
2022-12-20 19:06:52,780 log_of_students INFO     Searching for Artem Reva
2022-12-20 19:06:52,781 log_of_students INFO     Searching for Artem Reva
2022-12-20 19:09:50,146 log_of_students INFO     Student Artem Reva has been successfully added to student_list
2022-12-20 19:09:50,147 log_of_students INFO     Student Rustam Said has been successfully added to student_list
2022-12-20 19:09:50,147 log_of_students INFO     Student George Cool has been successfully added to student_list
2022-12-20 19:09:50,147 log_of_students INFO     Student Patrik Stewart has been successfully added to student_list
2022-12-20 19:09:50,147 log_of_students INFO     Student Chester Bennington has been successfully added to student_list
2022-12-20 19:09:50,147 log_of_students INFO     Student Mike Shinoda has been successfully added to student_list
2022-12-20 19:09:50,147 log_of_students INFO     Student Garet Simpson has been successfully added to student_list
2022-12-20 19:09:50,147 log_of_students INFO     Student Cooler Wakanda has been successfully added to student_list
2022-12-20 19:09:50,147 log_of_students INFO     Student Icey Illecebra has been successfully added to student_list
2022-12-20 19:09:50,147 log_of_students INFO     Student Gordon Ramsey has been successfully added to student_list
2022-12-20 19:09:50,147 log_of_students INFO     Searching for Artem Reva
2022-12-20 19:09:50,147 log_of_students INFO     Searching for Artem Reva
2022-12-20 19:10:29,429 log_of_students INFO     Student Artem Reva has been successfully added to student_list
2022-12-20 19:10:29,429 log_of_students INFO     Student Rustam Said has been successfully added to student_list
2022-12-20 19:10:29,429 log_of_students INFO     Student George Cool has been successfully added to student_list
2022-12-20 19:10:29,429 log_of_students INFO     Student Patrik Stewart has been successfully added to student_list
2022-12-20 19:10:29,429 log_of_students INFO     Student Chester Bennington has been successfully added to student_list
2022-12-20 19:10:29,429 log_of_students INFO     Student Mike Shinoda has been successfully added to student_list
2022-12-20 19:10:29,429 log_of_students INFO     Student Garet Simpson has been successfully added to student_list
2022-12-20 19:10:29,429 log_of_students INFO     Student Cooler Wakanda has been successfully added to student_list
2022-12-20 19:10:29,429 log_of_students INFO     Student Icey Illecebra has been successfully added to student_list
2022-12-20 19:10:29,429 log_of_students INFO     Student Gordon Ramsey has been successfully added to student_list
2022-12-20 19:10:29,429 log_of_students INFO     Searching for Artem Reva
2022-12-20 19:10:29,429 log_of_students INFO     Searching for Artem Reva
2022-12-20 19:10:39,331 log_of_students INFO     Student Artem Reva has been successfully added to student_list
2022-12-20 19:10:39,331 log_of_students INFO     Student Rustam Said has been successfully added to student_list
2022-12-20 19:10:39,331 log_of_students INFO     Student George Cool has been successfully added to student_list
2022-12-20 19:10:39,332 log_of_students INFO     Student Patrik Stewart has been successfully added to student_list
2022-12-20 19:10:39,332 log_of_students INFO     Student Chester Bennington has been successfully added to student_list
2022-12-20 19:10:39,332 log_of_students INFO     Student Mike Shinoda has been successfully added to student_list
2022-12-20 19:10:39,332 log_of_students INFO     Student Garet Simpson has been successfully added to student_list
2022-12-20 19:10:39,332 log_of_students INFO     Student Cooler Wakanda has been successfully added to student_list
2022-12-20 19:10:39,332 log_of_students INFO     Student Icey Illecebra has been successfully added to student_list
2022-12-20 19:10:39,332 log_of_students INFO     Student Gordon Ramsey has been successfully added to student_list
2022-12-20 19:10:39,332 log_of_students INFO     Searching for Artem Reva
2022-12-20 19:10:39,332 log_of_students INFO     Searching for Artem Reva
2022-12-20 19:10:43,463 log_of_students INFO     Student Artem Reva has been successfully added to student_list
2022-12-20 19:10:43,464 log_of_students INFO     Student Rustam Said has been successfully added to student_list
2022-12-20 19:10:43,464 log_of_students INFO     Student George Cool has been successfully added to student_list
2022-12-20 19:10:43,464 log_of_students INFO     Student Patrik Stewart has been successfully added to student_list
2022-12-20 19:10:43,464 log_of_students INFO     Student Chester Bennington has been successfully added to student_list
2022-12-20 19:10:43,464 log_of_students INFO     Student Mike Shinoda has been successfully added to student_list
2022-12-20 19:10:43,464 log_of_students INFO     Student Garet Simpson has been successfully added to student_list
2022-12-20 19:10:43,464 log_of_students INFO     Student Cooler Wakanda has been successfully added to student_list
2022-12-20 19:10:43,464 log_of_students INFO     Student Icey Illecebra has been successfully added to student_list
2022-12-20 19:10:43,464 log_of_students INFO     Student Gordon Ramsey has been successfully added to student_list
2022-12-20 19:10:43,464 log_of_students INFO     Searching for Artem Reva
2022-12-20 19:10:43,464 log_of_students INFO     Searching for Artem Reva
2022-12-20 19:10:51,157 log_of_students INFO     Student Artem Reva has been successfully added to student_list
2022-12-20 19:10:51,157 log_of_students INFO     Student Rustam Said has been successfully added to student_list
2022-12-20 19:10:51,157 log_of_students INFO     Student George Cool has been successfully added to student_list
2022-12-20 19:10:51,157 log_of_students INFO     Student Patrik Stewart has been successfully added to student_list
2022-12-20 19:10:51,157 log_of_students INFO     Student Chester Bennington has been successfully added to student_list
2022-12-20 19:10:51,157 log_of_students INFO     Student Mike Shinoda has been successfully added to student_list
2022-12-20 19:10:51,157 log_of_students INFO     Student Garet Simpson has been successfully added to student_list
2022-12-20 19:10:51,157 log_of_students INFO     Student Cooler Wakanda has been successfully added to student_list
2022-12-20 19:10:51,158 log_of_students INFO     Student Icey Illecebra has been successfully added to student_list
2022-12-20 19:10:51,158 log_of_students INFO     Student Gordon Ramsey has been successfully added to student_list
2022-12-20 19:10:51,158 log_of_students INFO     Searching for Artem Reva
2022-12-20 19:10:51,158 log_of_students INFO     Searching for Artem Reva
2022-12-20 19:10:59,774 log_of_students INFO     Student Artem Reva has been successfully added to student_list
2022-12-20 19:10:59,774 log_of_students INFO     Student Rustam Said has been successfully added to student_list
2022-12-20 19:10:59,774 log_of_students INFO     Student George Cool has been successfully added to student_list
2022-12-20 19:10:59,774 log_of_students INFO     Student Patrik Stewart has been successfully added to student_list
2022-12-20 19:10:59,774 log_of_students INFO     Student Chester Bennington has been successfully added to student_list
2022-12-20 19:10:59,774 log_of_students INFO     Student Mike Shinoda has been successfully added to student_list
2022-12-20 19:10:59,774 log_of_students INFO     Student Garet Simpson has been successfully added to student_list
2022-12-20 19:10:59,774 log_of_students INFO     Student Cooler Wakanda has been successfully added to student_list
2022-12-20 19:10:59,774 log_of_students INFO     Student Icey Illecebra has been successfully added to student_list
2022-12-20 19:10:59,774 log_of_students INFO     Student Gordon Ramsey has been successfully added to student_list
2022-12-20 19:10:59,774 log_of_students INFO     Searching for Artem Reva
2022-12-20 19:10:59,775 log_of_students INFO     Searching for Artem Reva
2022-12-20 19:11:34,412 log_of_students INFO     Student Artem Reva has been successfully added to student_list
2022-12-20 19:11:34,412 log_of_students INFO     Student Rustam Said has been successfully added to student_list
2022-12-20 19:11:34,412 log_of_students INFO     Student George Cool has been successfully added to student_list
2022-12-20 19:11:34,412 log_of_students INFO     Student Patrik Stewart has been successfully added to student_list
2022-12-20 19:11:34,413 log_of_students INFO     Student Chester Bennington has been successfully added to student_list
2022-12-20 19:11:34,413 log_of_students INFO     Student Mike Shinoda has been successfully added to student_list
2022-12-20 19:11:34,413 log_of_students INFO     Student Garet Simpson has been successfully added to student_list
2022-12-20 19:11:34,413 log_of_students INFO     Student Cooler Wakanda has been successfully added to student_list
2022-12-20 19:11:34,413 log_of_students INFO     Student Icey Illecebra has been successfully added to student_list
2022-12-20 19:11:34,413 log_of_students INFO     Student Gordon Ramsey has been successfully added to student_list
2022-12-20 19:11:34,413 log_of_students INFO     Searching for Artem Reva
2022-12-20 19:11:34,413 log_of_students INFO     Searching for Artem Reva
2022-12-20 19:12:51,199 log_of_students INFO     Student Artem Reva has been successfully added to student_list
2022-12-20 19:12:51,199 log_of_students INFO     Student Rustam Said has been successfully added to student_list
2022-12-20 19:12:51,199 log_of_students INFO     Student George Cool has been successfully added to student_list
2022-12-20 19:12:51,199 log_of_students INFO     Student Patrik Stewart has been successfully added to student_list
2022-12-20 19:12:51,199 log_of_students INFO     Student Chester Bennington has been successfully added to student_list
2022-12-20 19:12:51,199 log_of_students INFO     Student Mike Shinoda has been successfully added to student_list
2022-12-20 19:12:51,199 log_of_students INFO     Student Garet Simpson has been successfully added to student_list
2022-12-20 19:12:51,199 log_of_students INFO     Student Cooler Wakanda has been successfully added to student_list
2022-12-20 19:12:51,199 log_of_students INFO     Student Icey Illecebra has been successfully added to student_list
2022-12-20 19:12:51,200 log_of_students INFO     Student Gordon Ramsey has been successfully added to student_list
2022-12-20 19:12:51,200 log_of_students INFO     Searching for Artem Reva
2022-12-20 19:12:51,200 log_of_students INFO     Searching for Artem Reva
2022-12-20 19:13:13,633 log_of_students INFO     Student Artem Reva has been successfully added to student_list
2022-12-20 19:13:13,633 log_of_students INFO     Student Rustam Said has been successfully added to student_list
2022-12-20 19:13:13,633 log_of_students INFO     Student George Cool has been successfully added to student_list
2022-12-20 19:13:13,633 log_of_students INFO     Student Patrik Stewart has been successfully added to student_list
2022-12-20 19:13:13,633 log_of_students INFO     Student Chester Bennington has been successfully added to student_list
2022-12-20 19:13:13,633 log_of_students INFO     Student Mike Shinoda has been successfully added to student_list
2022-12-20 19:13:13,633 log_of_students INFO     Student Garet Simpson has been successfully added to student_list
2022-12-20 19:13:13,634 log_of_students INFO     Student Cooler Wakanda has been successfully added to student_list
2022-12-20 19:13:13,634 log_of_students INFO     Student Icey Illecebra has been successfully added to student_list
2022-12-20 19:13:13,634 log_of_students INFO     Student Gordon Ramsey has been successfully added to student_list
2022-12-20 19:13:13,634 log_of_students INFO     Searching for Artem Reva
2022-12-20 19:13:13,634 log_of_students INFO     Searching for Artem Reva
