2022-12-10 12:49:04,468 log_of_students INFO     Student has been successfuly added to student_list
2022-12-10 12:49:04,468 log_of_students INFO     Student has been successfuly added to student_list
2022-12-10 12:49:04,468 log_of_students INFO     Student has been successfuly added to student_list
2022-12-10 12:49:04,468 log_of_students INFO     Student has been successfuly added to student_list
2022-12-10 12:49:04,468 log_of_students INFO     Student has been successfuly added to student_list
2022-12-10 12:49:04,468 log_of_students INFO     Student has been successfuly added to student_list
2022-12-10 12:49:04,468 log_of_students INFO     Student has been successfuly added to student_list
2022-12-10 12:49:04,468 log_of_students INFO     Student has been successfuly added to student_list
2022-12-10 12:49:04,469 log_of_students INFO     Student has been successfuly added to student_list
2022-12-10 12:49:04,469 log_of_students INFO     Student has been successfuly added to student_list
2022-12-10 12:49:43,191 log_of_students INFO     Student has been successfully added to student_list
2022-12-10 12:49:43,191 log_of_students INFO     Student has been successfully added to student_list
2022-12-10 12:49:43,191 log_of_students INFO     Student has been successfully added to student_list
2022-12-10 12:49:43,191 log_of_students INFO     Student has been successfully added to student_list
2022-12-10 12:49:43,191 log_of_students INFO     Student has been successfully added to student_list
2022-12-10 12:49:43,192 log_of_students INFO     Student has been successfully added to student_list
2022-12-10 12:49:43,192 log_of_students INFO     Student has been successfully added to student_list
2022-12-10 12:49:43,192 log_of_students INFO     Student has been successfully added to student_list
2022-12-10 12:49:43,192 log_of_students INFO     Student has been successfully added to student_list
2022-12-10 12:49:43,192 log_of_students INFO     Student has been successfully added to student_list
2022-12-10 12:51:05,670 log_of_students INFO     Student has been successfully added to student_list
2022-12-10 12:51:05,670 log_of_students INFO     Student has been successfully added to student_list
2022-12-10 12:51:05,670 log_of_students INFO     Student has been successfully added to student_list
2022-12-10 12:51:05,670 log_of_students INFO     Student has been successfully added to student_list
2022-12-10 12:51:05,670 log_of_students INFO     Student has been successfully added to student_list
2022-12-10 12:51:05,670 log_of_students INFO     Student has been successfully added to student_list
2022-12-10 12:51:05,671 log_of_students INFO     Student has been successfully added to student_list
2022-12-10 12:51:05,671 log_of_students INFO     Student has been successfully added to student_list
2022-12-10 12:51:05,671 log_of_students INFO     Student has been successfully added to student_list
2022-12-10 12:51:05,671 log_of_students INFO     Student has been successfully added to student_list
2022-12-10 12:51:05,671 log_of_students INFO     Searching for Artem Reva
2022-12-10 12:51:05,671 log_of_students INFO     Searching for Artem Reva
2022-12-10 12:53:28,420 log_of_students INFO     Student has been successfully added to student_list
2022-12-10 12:53:28,420 log_of_students INFO     Student has been successfully added to student_list
2022-12-10 12:53:28,420 log_of_students INFO     Student has been successfully added to student_list
2022-12-10 12:53:28,420 log_of_students INFO     Student has been successfully added to student_list
2022-12-10 12:53:28,420 log_of_students INFO     Student has been successfully added to student_list
2022-12-10 12:53:28,420 log_of_students INFO     Student has been successfully added to student_list
2022-12-10 12:53:28,420 log_of_students INFO     Student has been successfully added to student_list
2022-12-10 12:53:28,421 log_of_students INFO     Student has been successfully added to student_list
2022-12-10 12:53:28,421 log_of_students INFO     Student has been successfully added to student_list
2022-12-10 12:53:28,421 log_of_students INFO     Student has been successfully added to student_list
2022-12-10 12:53:28,421 log_of_students INFO     Searching for Artem Reva
2022-12-10 12:53:28,421 log_of_students INFO     Searching for Artem Reva
2022-12-12 10:01:03,371 log_of_students INFO     Student has been successfully added to student_list
2022-12-12 10:01:03,387 log_of_students INFO     Student has been successfully added to student_list
2022-12-12 10:01:03,387 log_of_students INFO     Student has been successfully added to student_list
2022-12-12 10:01:03,387 log_of_students INFO     Student has been successfully added to student_list
2022-12-12 10:01:03,387 log_of_students INFO     Student has been successfully added to student_list
2022-12-12 10:01:03,402 log_of_students INFO     Student has been successfully added to student_list
2022-12-12 10:01:03,402 log_of_students INFO     Student has been successfully added to student_list
2022-12-12 10:01:03,402 log_of_students INFO     Student has been successfully added to student_list
2022-12-12 10:01:03,402 log_of_students INFO     Student has been successfully added to student_list
2022-12-12 10:01:03,402 log_of_students INFO     Student has been successfully added to student_list
2022-12-12 10:01:03,402 log_of_students INFO     Searching for Artem Reva
2022-12-12 10:01:03,402 log_of_students INFO     Searching for Artem Reva
2022-12-12 10:01:16,571 log_of_students INFO     Student has been successfully added to student_list
2022-12-12 10:01:16,571 log_of_students INFO     Student has been successfully added to student_list
2022-12-12 10:01:16,571 log_of_students INFO     Student has been successfully added to student_list
2022-12-12 10:01:16,571 log_of_students INFO     Student has been successfully added to student_list
2022-12-12 10:01:16,587 log_of_students INFO     Student has been successfully added to student_list
2022-12-12 10:01:16,587 log_of_students INFO     Student has been successfully added to student_list
2022-12-12 10:01:16,587 log_of_students INFO     Student has been successfully added to student_list
2022-12-12 10:01:16,587 log_of_students INFO     Student has been successfully added to student_list
2022-12-12 10:01:16,587 log_of_students INFO     Student has been successfully added to student_list
2022-12-12 10:01:16,587 log_of_students INFO     Student has been successfully added to student_list
2022-12-12 10:01:16,587 log_of_students INFO     Searching for Artem Reva
2022-12-12 10:01:16,587 log_of_students INFO     Searching for Artem Reva
2022-12-12 10:01:54,577 log_of_students INFO     Student has been successfully added to student_list
2022-12-12 10:01:54,577 log_of_students INFO     Student has been successfully added to student_list
2022-12-12 10:01:54,577 log_of_students INFO     Student has been successfully added to student_list
2022-12-12 10:01:54,577 log_of_students INFO     Student has been successfully added to student_list
2022-12-12 10:01:54,577 log_of_students INFO     Student has been successfully added to student_list
2022-12-12 10:01:54,577 log_of_students INFO     Student has been successfully added to student_list
2022-12-12 10:01:54,577 log_of_students INFO     Student has been successfully added to student_list
2022-12-12 10:01:54,577 log_of_students INFO     Student has been successfully added to student_list
2022-12-12 10:01:54,577 log_of_students INFO     Student has been successfully added to student_list
2022-12-12 10:01:54,577 log_of_students INFO     Student has been successfully added to student_list
2022-12-12 10:02:08,390 log_of_students INFO     Student has been successfully added to student_list
2022-12-12 10:02:08,391 log_of_students INFO     Student has been successfully added to student_list
2022-12-12 10:02:08,391 log_of_students INFO     Student has been successfully added to student_list
2022-12-12 10:02:08,391 log_of_students INFO     Student has been successfully added to student_list
2022-12-12 10:02:08,391 log_of_students INFO     Student has been successfully added to student_list
2022-12-12 10:02:08,391 log_of_students INFO     Student has been successfully added to student_list
2022-12-12 10:02:08,391 log_of_students INFO     Student has been successfully added to student_list
2022-12-12 10:02:08,391 log_of_students INFO     Student has been successfully added to student_list
2022-12-12 10:02:08,391 log_of_students INFO     Student has been successfully added to student_list
2022-12-12 10:02:08,391 log_of_students INFO     Student has been successfully added to student_list
2022-12-12 10:02:31,238 log_of_students INFO     Student has been successfully added to student_list
2022-12-12 10:02:31,238 log_of_students INFO     Student has been successfully added to student_list
2022-12-12 10:02:31,238 log_of_students INFO     Student has been successfully added to student_list
2022-12-12 10:02:31,238 log_of_students INFO     Student has been successfully added to student_list
2022-12-12 10:02:31,238 log_of_students INFO     Student has been successfully added to student_list
2022-12-12 10:02:31,238 log_of_students INFO     Student has been successfully added to student_list
2022-12-12 10:02:31,238 log_of_students INFO     Student has been successfully added to student_list
2022-12-12 10:02:31,239 log_of_students INFO     Student has been successfully added to student_list
2022-12-12 10:02:31,239 log_of_students INFO     Student has been successfully added to student_list
2022-12-12 10:02:31,239 log_of_students INFO     Student has been successfully added to student_list
2022-12-12 10:02:31,239 log_of_students INFO     Searching for Artem Reva
2022-12-12 10:02:31,239 log_of_students INFO     Searching for Artem Reva
2022-12-12 10:02:44,359 log_of_students INFO     Student has been successfully added to student_list
2022-12-12 10:02:44,359 log_of_students INFO     Student has been successfully added to student_list
2022-12-12 10:02:44,360 log_of_students INFO     Student has been successfully added to student_list
2022-12-12 10:02:44,360 log_of_students INFO     Student has been successfully added to student_list
2022-12-12 10:02:44,360 log_of_students INFO     Student has been successfully added to student_list
2022-12-12 10:02:44,360 log_of_students INFO     Student has been successfully added to student_list
2022-12-12 10:02:44,360 log_of_students INFO     Student has been successfully added to student_list
2022-12-12 10:02:44,360 log_of_students INFO     Student has been successfully added to student_list
2022-12-12 10:02:44,360 log_of_students INFO     Student has been successfully added to student_list
2022-12-12 10:02:44,360 log_of_students INFO     Student has been successfully added to student_list
2022-12-12 10:02:44,360 log_of_students INFO     Searching for Artem Reva
2022-12-12 10:02:44,360 log_of_students INFO     Searching for Artem Reva
2022-12-12 10:02:51,467 log_of_students INFO     Student has been successfully added to student_list
2022-12-12 10:02:51,467 log_of_students INFO     Student has been successfully added to student_list
2022-12-12 10:02:51,467 log_of_students INFO     Student has been successfully added to student_list
2022-12-12 10:02:51,468 log_of_students INFO     Student has been successfully added to student_list
2022-12-12 10:02:51,468 log_of_students INFO     Student has been successfully added to student_list
2022-12-12 10:02:51,468 log_of_students INFO     Student has been successfully added to student_list
2022-12-12 10:02:51,468 log_of_students INFO     Student has been successfully added to student_list
2022-12-12 10:02:51,468 log_of_students INFO     Student has been successfully added to student_list
2022-12-12 10:02:51,468 log_of_students INFO     Student has been successfully added to student_list
2022-12-12 10:02:51,468 log_of_students INFO     Student has been successfully added to student_list
2022-12-12 10:02:51,468 log_of_students INFO     Searching for Artem Reva
2022-12-12 10:02:51,468 log_of_students INFO     Searching for Artem Reva
2022-12-12 10:03:45,583 log_of_students INFO     Student has been successfully added to student_list
2022-12-12 10:03:45,583 log_of_students INFO     Student has been successfully added to student_list
2022-12-12 10:03:45,583 log_of_students INFO     Student has been successfully added to student_list
2022-12-12 10:03:45,583 log_of_students INFO     Student has been successfully added to student_list
2022-12-12 10:03:45,583 log_of_students INFO     Student has been successfully added to student_list
2022-12-12 10:03:45,583 log_of_students INFO     Student has been successfully added to student_list
2022-12-12 10:03:45,583 log_of_students INFO     Student has been successfully added to student_list
2022-12-12 10:03:45,583 log_of_students INFO     Student has been successfully added to student_list
2022-12-12 10:03:45,583 log_of_students INFO     Student has been successfully added to student_list
2022-12-12 10:03:45,583 log_of_students INFO     Student has been successfully added to student_list
2022-12-12 10:03:45,583 log_of_students INFO     Searching for Artem Reva
2022-12-12 10:03:45,583 log_of_students INFO     Searching for Artem Reva
2022-12-12 10:07:17,713 log_of_students INFO     Student has been successfully added to student_list
2022-12-12 10:07:17,713 log_of_students INFO     Student has been successfully added to student_list
2022-12-12 10:07:17,713 log_of_students INFO     Student has been successfully added to student_list
2022-12-12 10:07:17,713 log_of_students INFO     Student has been successfully added to student_list
2022-12-12 10:07:17,713 log_of_students INFO     Student has been successfully added to student_list
2022-12-12 10:07:17,713 log_of_students INFO     Student has been successfully added to student_list
2022-12-12 10:07:17,713 log_of_students INFO     Student has been successfully added to student_list
2022-12-12 10:07:17,713 log_of_students INFO     Student has been successfully added to student_list
2022-12-12 10:07:17,713 log_of_students INFO     Student has been successfully added to student_list
2022-12-12 10:07:17,713 log_of_students INFO     Student has been successfully added to student_list
2022-12-12 10:07:17,713 log_of_students INFO     Searching for Artem Reva
2022-12-12 10:07:17,714 log_of_students INFO     Searching for Artem Reva
2022-12-12 10:07:49,938 log_of_students INFO     Student has been successfully added to student_list
2022-12-12 10:07:49,938 log_of_students INFO     Student has been successfully added to student_list
2022-12-12 10:07:49,938 log_of_students INFO     Student has been successfully added to student_list
2022-12-12 10:07:49,938 log_of_students INFO     Student has been successfully added to student_list
2022-12-12 10:07:49,938 log_of_students INFO     Student has been successfully added to student_list
2022-12-12 10:07:49,938 log_of_students INFO     Student has been successfully added to student_list
2022-12-12 10:07:49,938 log_of_students INFO     Student has been successfully added to student_list
2022-12-12 10:07:49,938 log_of_students INFO     Student has been successfully added to student_list
2022-12-12 10:07:49,938 log_of_students INFO     Student has been successfully added to student_list
2022-12-12 10:07:49,938 log_of_students INFO     Student has been successfully added to student_list
2022-12-12 10:07:49,938 log_of_students INFO     Searching for Artem Reva
2022-12-12 10:07:49,938 log_of_students INFO     Searching for Artem Reva
2022-12-12 10:08:55,166 log_of_students INFO     Student Artem Reva has been successfully added to student_list
2022-12-12 10:08:55,166 log_of_students INFO     Student Rustam Said has been successfully added to student_list
2022-12-12 10:08:55,166 log_of_students INFO     Student George Cool has been successfully added to student_list
2022-12-12 10:08:55,166 log_of_students INFO     Student Patrik Stewart has been successfully added to student_list
2022-12-12 10:08:55,166 log_of_students INFO     Student Chester Bennington has been successfully added to student_list
2022-12-12 10:08:55,166 log_of_students INFO     Student Mike Shinoda has been successfully added to student_list
2022-12-12 10:08:55,166 log_of_students INFO     Student Garet Simpson has been successfully added to student_list
2022-12-12 10:08:55,167 log_of_students INFO     Student Cooler Wakanda has been successfully added to student_list
2022-12-12 10:08:55,167 log_of_students INFO     Student Icey Illecebra has been successfully added to student_list
2022-12-12 10:08:55,167 log_of_students INFO     Student Gordon Ramsey has been successfully added to student_list
2022-12-12 10:08:55,167 log_of_students INFO     Searching for Artem Reva
2022-12-12 10:08:55,167 log_of_students INFO     Searching for Artem Reva
2022-12-12 10:11:08,435 log_of_students INFO     Student Artem Reva has been successfully added to student_list
2022-12-12 10:11:08,435 log_of_students CRITICAL Student add error
student_card not in self.student_list - False
len(self.student_list) < self.max_student - True
